<?xml version="1.0" encoding="UTF-8"?>
<!-- Generated by org.testng.reporters.JUnitReportReporter -->
<testsuite name="utilitytest.BaseTest" tests="1" time="13.162" ignored="0" failures="0" timestamp="18 Nov 2023 11:06:17 GMT" skipped="0" hostname="DESKTOP-I6VP5K9" errors="0">
  <testcase name="setup" time="13.162" classname="utilitytest.BaseTest"/>
</testsuite> <!-- utilitytest.BaseTest -->
